Assuming unrestricted shared filesystem usage.
None
host: codia001
Building DAG of jobs...
Relative file path './results/indel.html' starts with './'. This is redundant and strongly discouraged. It can also lead to inconsistent results of the file-matching approach used by Snakemake. You can simply omit the './' for relative file paths.
Relative file path './results/small_polymorphism.html' starts with './'. This is redundant and strongly discouraged. It can also lead to inconsistent results of the file-matching approach used by Snakemake. You can simply omit the './' for relative file paths.
Relative file path './results/inversion.html' starts with './'. This is redundant and strongly discouraged. It can also lead to inconsistent results of the file-matching approach used by Snakemake. You can simply omit the './' for relative file paths.
Relative file path './results/t.html' starts with './'. This is redundant and strongly discouraged. It can also lead to inconsistent results of the file-matching approach used by Snakemake. You can simply omit the './' for relative file paths.
Relative file path './results/t_groups.html' starts with './'. This is redundant and strongly discouraged. It can also lead to inconsistent results of the file-matching approach used by Snakemake. You can simply omit the './' for relative file paths.
Relative file path './results/t_reference.html' starts with './'. This is redundant and strongly discouraged. It can also lead to inconsistent results of the file-matching approach used by Snakemake. You can simply omit the './' for relative file paths.
Relative file path './results/t_walks_gaps.html' starts with './'. This is redundant and strongly discouraged. It can also lead to inconsistent results of the file-matching approach used by Snakemake. You can simply omit the './' for relative file paths.
Relative file path './results/t_groups_paths.html' starts with './'. This is redundant and strongly discouraged. It can also lead to inconsistent results of the file-matching approach used by Snakemake. You can simply omit the './' for relative file paths.
Relative file path './results/t_groups_walks.html' starts with './'. This is redundant and strongly discouraged. It can also lead to inconsistent results of the file-matching approach used by Snakemake. You can simply omit the './' for relative file paths.
Relative file path './results/t_groups_paths2.html' starts with './'. This is redundant and strongly discouraged. It can also lead to inconsistent results of the file-matching approach used by Snakemake. You can simply omit the './' for relative file paths.
Relative file path './results/multiple_repeats.html' starts with './'. This is redundant and strongly discouraged. It can also lead to inconsistent results of the file-matching approach used by Snakemake. You can simply omit the './' for relative file paths.
Relative file path './results/multiple_repeats.walks.html' starts with './'. This is redundant and strongly discouraged. It can also lead to inconsistent results of the file-matching approach used by Snakemake. You can simply omit the './' for relative file paths.
Relative file path './results/repeat_once.html' starts with './'. This is redundant and strongly discouraged. It can also lead to inconsistent results of the file-matching approach used by Snakemake. You can simply omit the './' for relative file paths.
Relative file path './working/indel.yaml' starts with './'. This is redundant and strongly discouraged. It can also lead to inconsistent results of the file-matching approach used by Snakemake. You can simply omit the './' for relative file paths.
Relative file path './results/indel.html' starts with './'. This is redundant and strongly discouraged. It can also lead to inconsistent results of the file-matching approach used by Snakemake. You can simply omit the './' for relative file paths.
Relative file path './logs/panacus/indel.log' starts with './'. This is redundant and strongly discouraged. It can also lead to inconsistent results of the file-matching approach used by Snakemake. You can simply omit the './' for relative file paths.
Relative file path './working/small_polymorphism.yaml' starts with './'. This is redundant and strongly discouraged. It can also lead to inconsistent results of the file-matching approach used by Snakemake. You can simply omit the './' for relative file paths.
Relative file path './results/small_polymorphism.html' starts with './'. This is redundant and strongly discouraged. It can also lead to inconsistent results of the file-matching approach used by Snakemake. You can simply omit the './' for relative file paths.
Relative file path './logs/panacus/small_polymorphism.log' starts with './'. This is redundant and strongly discouraged. It can also lead to inconsistent results of the file-matching approach used by Snakemake. You can simply omit the './' for relative file paths.
Relative file path './working/inversion.yaml' starts with './'. This is redundant and strongly discouraged. It can also lead to inconsistent results of the file-matching approach used by Snakemake. You can simply omit the './' for relative file paths.
Relative file path './results/inversion.html' starts with './'. This is redundant and strongly discouraged. It can also lead to inconsistent results of the file-matching approach used by Snakemake. You can simply omit the './' for relative file paths.
Relative file path './logs/panacus/inversion.log' starts with './'. This is redundant and strongly discouraged. It can also lead to inconsistent results of the file-matching approach used by Snakemake. You can simply omit the './' for relative file paths.
Relative file path './working/t.yaml' starts with './'. This is redundant and strongly discouraged. It can also lead to inconsistent results of the file-matching approach used by Snakemake. You can simply omit the './' for relative file paths.
Relative file path './results/t.html' starts with './'. This is redundant and strongly discouraged. It can also lead to inconsistent results of the file-matching approach used by Snakemake. You can simply omit the './' for relative file paths.
Relative file path './logs/panacus/t.log' starts with './'. This is redundant and strongly discouraged. It can also lead to inconsistent results of the file-matching approach used by Snakemake. You can simply omit the './' for relative file paths.
Relative file path './working/t_groups.yaml' starts with './'. This is redundant and strongly discouraged. It can also lead to inconsistent results of the file-matching approach used by Snakemake. You can simply omit the './' for relative file paths.
Relative file path './results/t_groups.html' starts with './'. This is redundant and strongly discouraged. It can also lead to inconsistent results of the file-matching approach used by Snakemake. You can simply omit the './' for relative file paths.
Relative file path './logs/panacus/t_groups.log' starts with './'. This is redundant and strongly discouraged. It can also lead to inconsistent results of the file-matching approach used by Snakemake. You can simply omit the './' for relative file paths.
Relative file path './working/t_reference.yaml' starts with './'. This is redundant and strongly discouraged. It can also lead to inconsistent results of the file-matching approach used by Snakemake. You can simply omit the './' for relative file paths.
Relative file path './results/t_reference.html' starts with './'. This is redundant and strongly discouraged. It can also lead to inconsistent results of the file-matching approach used by Snakemake. You can simply omit the './' for relative file paths.
Relative file path './logs/panacus/t_reference.log' starts with './'. This is redundant and strongly discouraged. It can also lead to inconsistent results of the file-matching approach used by Snakemake. You can simply omit the './' for relative file paths.
Relative file path './working/t_walks_gaps.yaml' starts with './'. This is redundant and strongly discouraged. It can also lead to inconsistent results of the file-matching approach used by Snakemake. You can simply omit the './' for relative file paths.
Relative file path './results/t_walks_gaps.html' starts with './'. This is redundant and strongly discouraged. It can also lead to inconsistent results of the file-matching approach used by Snakemake. You can simply omit the './' for relative file paths.
Relative file path './logs/panacus/t_walks_gaps.log' starts with './'. This is redundant and strongly discouraged. It can also lead to inconsistent results of the file-matching approach used by Snakemake. You can simply omit the './' for relative file paths.
Relative file path './working/t_groups_paths.yaml' starts with './'. This is redundant and strongly discouraged. It can also lead to inconsistent results of the file-matching approach used by Snakemake. You can simply omit the './' for relative file paths.
Relative file path './results/t_groups_paths.html' starts with './'. This is redundant and strongly discouraged. It can also lead to inconsistent results of the file-matching approach used by Snakemake. You can simply omit the './' for relative file paths.
Relative file path './logs/panacus/t_groups_paths.log' starts with './'. This is redundant and strongly discouraged. It can also lead to inconsistent results of the file-matching approach used by Snakemake. You can simply omit the './' for relative file paths.
Relative file path './working/t_groups_walks.yaml' starts with './'. This is redundant and strongly discouraged. It can also lead to inconsistent results of the file-matching approach used by Snakemake. You can simply omit the './' for relative file paths.
Relative file path './results/t_groups_walks.html' starts with './'. This is redundant and strongly discouraged. It can also lead to inconsistent results of the file-matching approach used by Snakemake. You can simply omit the './' for relative file paths.
Relative file path './logs/panacus/t_groups_walks.log' starts with './'. This is redundant and strongly discouraged. It can also lead to inconsistent results of the file-matching approach used by Snakemake. You can simply omit the './' for relative file paths.
Relative file path './working/t_groups_paths2.yaml' starts with './'. This is redundant and strongly discouraged. It can also lead to inconsistent results of the file-matching approach used by Snakemake. You can simply omit the './' for relative file paths.
Relative file path './results/t_groups_paths2.html' starts with './'. This is redundant and strongly discouraged. It can also lead to inconsistent results of the file-matching approach used by Snakemake. You can simply omit the './' for relative file paths.
Relative file path './logs/panacus/t_groups_paths2.log' starts with './'. This is redundant and strongly discouraged. It can also lead to inconsistent results of the file-matching approach used by Snakemake. You can simply omit the './' for relative file paths.
Relative file path './working/multiple_repeats.yaml' starts with './'. This is redundant and strongly discouraged. It can also lead to inconsistent results of the file-matching approach used by Snakemake. You can simply omit the './' for relative file paths.
Relative file path './results/multiple_repeats.html' starts with './'. This is redundant and strongly discouraged. It can also lead to inconsistent results of the file-matching approach used by Snakemake. You can simply omit the './' for relative file paths.
Relative file path './logs/panacus/multiple_repeats.log' starts with './'. This is redundant and strongly discouraged. It can also lead to inconsistent results of the file-matching approach used by Snakemake. You can simply omit the './' for relative file paths.
Relative file path './working/multiple_repeats.walks.yaml' starts with './'. This is redundant and strongly discouraged. It can also lead to inconsistent results of the file-matching approach used by Snakemake. You can simply omit the './' for relative file paths.
Relative file path './results/multiple_repeats.walks.html' starts with './'. This is redundant and strongly discouraged. It can also lead to inconsistent results of the file-matching approach used by Snakemake. You can simply omit the './' for relative file paths.
Relative file path './logs/panacus/multiple_repeats.walks.log' starts with './'. This is redundant and strongly discouraged. It can also lead to inconsistent results of the file-matching approach used by Snakemake. You can simply omit the './' for relative file paths.
Relative file path './working/repeat_once.yaml' starts with './'. This is redundant and strongly discouraged. It can also lead to inconsistent results of the file-matching approach used by Snakemake. You can simply omit the './' for relative file paths.
Relative file path './results/repeat_once.html' starts with './'. This is redundant and strongly discouraged. It can also lead to inconsistent results of the file-matching approach used by Snakemake. You can simply omit the './' for relative file paths.
Relative file path './logs/panacus/repeat_once.log' starts with './'. This is redundant and strongly discouraged. It can also lead to inconsistent results of the file-matching approach used by Snakemake. You can simply omit the './' for relative file paths.
Relative file path './working/indel.yaml' starts with './'. This is redundant and strongly discouraged. It can also lead to inconsistent results of the file-matching approach used by Snakemake. You can simply omit the './' for relative file paths.
Relative file path './working/small_polymorphism.yaml' starts with './'. This is redundant and strongly discouraged. It can also lead to inconsistent results of the file-matching approach used by Snakemake. You can simply omit the './' for relative file paths.
Relative file path './working/inversion.yaml' starts with './'. This is redundant and strongly discouraged. It can also lead to inconsistent results of the file-matching approach used by Snakemake. You can simply omit the './' for relative file paths.
Relative file path './working/t.yaml' starts with './'. This is redundant and strongly discouraged. It can also lead to inconsistent results of the file-matching approach used by Snakemake. You can simply omit the './' for relative file paths.
Relative file path './working/t_groups.yaml' starts with './'. This is redundant and strongly discouraged. It can also lead to inconsistent results of the file-matching approach used by Snakemake. You can simply omit the './' for relative file paths.
Relative file path './working/t_reference.yaml' starts with './'. This is redundant and strongly discouraged. It can also lead to inconsistent results of the file-matching approach used by Snakemake. You can simply omit the './' for relative file paths.
Relative file path './working/t_walks_gaps.yaml' starts with './'. This is redundant and strongly discouraged. It can also lead to inconsistent results of the file-matching approach used by Snakemake. You can simply omit the './' for relative file paths.
Relative file path './working/t_groups_paths.yaml' starts with './'. This is redundant and strongly discouraged. It can also lead to inconsistent results of the file-matching approach used by Snakemake. You can simply omit the './' for relative file paths.
Relative file path './working/t_groups_walks.yaml' starts with './'. This is redundant and strongly discouraged. It can also lead to inconsistent results of the file-matching approach used by Snakemake. You can simply omit the './' for relative file paths.
Relative file path './working/t_groups_paths2.yaml' starts with './'. This is redundant and strongly discouraged. It can also lead to inconsistent results of the file-matching approach used by Snakemake. You can simply omit the './' for relative file paths.
Relative file path './working/multiple_repeats.yaml' starts with './'. This is redundant and strongly discouraged. It can also lead to inconsistent results of the file-matching approach used by Snakemake. You can simply omit the './' for relative file paths.
Relative file path './working/multiple_repeats.walks.yaml' starts with './'. This is redundant and strongly discouraged. It can also lead to inconsistent results of the file-matching approach used by Snakemake. You can simply omit the './' for relative file paths.
Relative file path './working/repeat_once.yaml' starts with './'. This is redundant and strongly discouraged. It can also lead to inconsistent results of the file-matching approach used by Snakemake. You can simply omit the './' for relative file paths.
Relative file path './logs/panacus/indel.log' starts with './'. This is redundant and strongly discouraged. It can also lead to inconsistent results of the file-matching approach used by Snakemake. You can simply omit the './' for relative file paths.
Relative file path './logs/panacus/small_polymorphism.log' starts with './'. This is redundant and strongly discouraged. It can also lead to inconsistent results of the file-matching approach used by Snakemake. You can simply omit the './' for relative file paths.
Relative file path './logs/panacus/inversion.log' starts with './'. This is redundant and strongly discouraged. It can also lead to inconsistent results of the file-matching approach used by Snakemake. You can simply omit the './' for relative file paths.
Relative file path './logs/panacus/t.log' starts with './'. This is redundant and strongly discouraged. It can also lead to inconsistent results of the file-matching approach used by Snakemake. You can simply omit the './' for relative file paths.
Relative file path './logs/panacus/t_groups.log' starts with './'. This is redundant and strongly discouraged. It can also lead to inconsistent results of the file-matching approach used by Snakemake. You can simply omit the './' for relative file paths.
Relative file path './logs/panacus/t_reference.log' starts with './'. This is redundant and strongly discouraged. It can also lead to inconsistent results of the file-matching approach used by Snakemake. You can simply omit the './' for relative file paths.
Relative file path './logs/panacus/t_walks_gaps.log' starts with './'. This is redundant and strongly discouraged. It can also lead to inconsistent results of the file-matching approach used by Snakemake. You can simply omit the './' for relative file paths.
Relative file path './logs/panacus/t_groups_paths.log' starts with './'. This is redundant and strongly discouraged. It can also lead to inconsistent results of the file-matching approach used by Snakemake. You can simply omit the './' for relative file paths.
Relative file path './logs/panacus/t_groups_walks.log' starts with './'. This is redundant and strongly discouraged. It can also lead to inconsistent results of the file-matching approach used by Snakemake. You can simply omit the './' for relative file paths.
Relative file path './logs/panacus/t_groups_paths2.log' starts with './'. This is redundant and strongly discouraged. It can also lead to inconsistent results of the file-matching approach used by Snakemake. You can simply omit the './' for relative file paths.
Relative file path './logs/panacus/multiple_repeats.log' starts with './'. This is redundant and strongly discouraged. It can also lead to inconsistent results of the file-matching approach used by Snakemake. You can simply omit the './' for relative file paths.
Relative file path './logs/panacus/multiple_repeats.walks.log' starts with './'. This is redundant and strongly discouraged. It can also lead to inconsistent results of the file-matching approach used by Snakemake. You can simply omit the './' for relative file paths.
Relative file path './logs/panacus/repeat_once.log' starts with './'. This is redundant and strongly discouraged. It can also lead to inconsistent results of the file-matching approach used by Snakemake. You can simply omit the './' for relative file paths.
Using shell: /usr/bin/bash
Provided cores: 4
Rules claiming more threads will be scaled down.
Job stats:
job        count
-------  -------
1             13
all            1
panacus       13
total         27

Select jobs to execute...
Execute 4 jobs...
[Tue Sep  2 15:21:19 2025]
localrule 1:
    input: /home/heringer/Projects/simple_files/simple_graphs/t_groups.gfa
    output: ./working/t_groups.yaml
    jobid: 10
    reason: Missing output files: ./working/t_groups.yaml
    wildcards: sample=t_groups
    resources: tmpdir=/tmp

[Tue Sep  2 15:21:19 2025]
localrule 1:
    input: /home/heringer/Projects/simple_files/simple_graphs/t.gfa
    output: ./working/t.yaml
    jobid: 8
    reason: Missing output files: ./working/t.yaml
    wildcards: sample=t
    resources: tmpdir=/tmp

[Tue Sep  2 15:21:19 2025]
localrule 1:
    input: /home/heringer/Projects/simple_files/simple_graphs/repeat_once.gfa
    output: ./working/repeat_once.yaml
    jobid: 26
    reason: Missing output files: ./working/repeat_once.yaml
    wildcards: sample=repeat_once
    resources: tmpdir=/tmp

[Tue Sep  2 15:21:19 2025]
localrule 1:
    input: /home/heringer/Projects/simple_files/simple_graphs/t_groups_paths.gfa
    output: ./working/t_groups_paths.yaml
    jobid: 16
    reason: Missing output files: ./working/t_groups_paths.yaml
    wildcards: sample=t_groups_paths
    resources: tmpdir=/tmp

[Tue Sep  2 15:21:19 2025]
Finished jobid: 10 (Rule: 1)
1 of 27 steps (4%) done
[Tue Sep  2 15:21:19 2025]
Finished jobid: 8 (Rule: 1)
2 of 27 steps (7%) done
Select jobs to execute...
Execute 2 jobs...
[Tue Sep  2 15:21:19 2025]
localrule panacus:
    input: ./working/t_groups.yaml
    output: ./results/t_groups.html
    log: ./logs/panacus/t_groups.log
    jobid: 9
    reason: Missing output files: ./results/t_groups.html; Input files updated by another job: ./working/t_groups.yaml
    wildcards: sample=t_groups
    resources: tmpdir=/tmp

[Tue Sep  2 15:21:19 2025]
localrule 1:
    input: /home/heringer/Projects/simple_files/simple_graphs/multiple_repeats.gfa
    output: ./working/multiple_repeats.yaml
    jobid: 22
    reason: Missing output files: ./working/multiple_repeats.yaml
    wildcards: sample=multiple_repeats
    resources: tmpdir=/tmp

[Tue Sep  2 15:21:19 2025]
Finished jobid: 26 (Rule: 1)
3 of 27 steps (11%) done
[Tue Sep  2 15:21:19 2025]
Finished jobid: 16 (Rule: 1)
4 of 27 steps (15%) done
Select jobs to execute...
Execute 2 jobs...
[Tue Sep  2 15:21:19 2025]
localrule 1:
    input: /home/heringer/Projects/simple_files/simple_graphs/t_walks_gaps.gfa
    output: ./working/t_walks_gaps.yaml
    jobid: 14
    reason: Missing output files: ./working/t_walks_gaps.yaml
    wildcards: sample=t_walks_gaps
    resources: tmpdir=/tmp

[Tue Sep  2 15:21:19 2025]
localrule panacus:
    input: ./working/repeat_once.yaml
    output: ./results/repeat_once.html
    log: ./logs/panacus/repeat_once.log
    jobid: 25
    reason: Missing output files: ./results/repeat_once.html; Input files updated by another job: ./working/repeat_once.yaml
    wildcards: sample=repeat_once
    resources: tmpdir=/tmp

[Tue Sep  2 15:21:19 2025]
Finished jobid: 22 (Rule: 1)
5 of 27 steps (19%) done
[Tue Sep  2 15:21:19 2025]
Finished jobid: 9 (Rule: panacus)
6 of 27 steps (22%) done
Select jobs to execute...
Execute 2 jobs...
[Tue Sep  2 15:21:19 2025]
localrule 1:
    input: /home/heringer/Projects/simple_files/simple_graphs/inversion.gfa
    output: ./working/inversion.yaml
    jobid: 6
    reason: Missing output files: ./working/inversion.yaml
    wildcards: sample=inversion
    resources: tmpdir=/tmp

[Tue Sep  2 15:21:19 2025]
localrule 1:
    input: /home/heringer/Projects/simple_files/simple_graphs/indel.gfa
    output: ./working/indel.yaml
    jobid: 2
    reason: Missing output files: ./working/indel.yaml
    wildcards: sample=indel
    resources: tmpdir=/tmp

[Tue Sep  2 15:21:19 2025]
Finished jobid: 14 (Rule: 1)
7 of 27 steps (26%) done
[Tue Sep  2 15:21:19 2025]
Finished jobid: 25 (Rule: panacus)
8 of 27 steps (30%) done
Select jobs to execute...
Execute 2 jobs...
[Tue Sep  2 15:21:19 2025]
localrule 1:
    input: /home/heringer/Projects/simple_files/simple_graphs/t_groups_paths2.gfa
    output: ./working/t_groups_paths2.yaml
    jobid: 20
    reason: Missing output files: ./working/t_groups_paths2.yaml
    wildcards: sample=t_groups_paths2
    resources: tmpdir=/tmp

[Tue Sep  2 15:21:19 2025]
localrule panacus:
    input: ./working/t_walks_gaps.yaml
    output: ./results/t_walks_gaps.html
    log: ./logs/panacus/t_walks_gaps.log
    jobid: 13
    reason: Missing output files: ./results/t_walks_gaps.html; Input files updated by another job: ./working/t_walks_gaps.yaml
    wildcards: sample=t_walks_gaps
    resources: tmpdir=/tmp

[Tue Sep  2 15:21:19 2025]
Finished jobid: 6 (Rule: 1)
9 of 27 steps (33%) done
[Tue Sep  2 15:21:19 2025]
Finished jobid: 2 (Rule: 1)
10 of 27 steps (37%) done
Select jobs to execute...
Execute 2 jobs...
[Tue Sep  2 15:21:19 2025]
localrule panacus:
    input: ./working/inversion.yaml
    output: ./results/inversion.html
    log: ./logs/panacus/inversion.log
    jobid: 5
    reason: Missing output files: ./results/inversion.html; Input files updated by another job: ./working/inversion.yaml
    wildcards: sample=inversion
    resources: tmpdir=/tmp

[Tue Sep  2 15:21:19 2025]
localrule panacus:
    input: ./working/indel.yaml
    output: ./results/indel.html
    log: ./logs/panacus/indel.log
    jobid: 1
    reason: Missing output files: ./results/indel.html; Input files updated by another job: ./working/indel.yaml
    wildcards: sample=indel
    resources: tmpdir=/tmp

[Tue Sep  2 15:21:19 2025]
Finished jobid: 20 (Rule: 1)
11 of 27 steps (41%) done
[Tue Sep  2 15:21:19 2025]
Finished jobid: 13 (Rule: panacus)
12 of 27 steps (44%) done
Select jobs to execute...
Execute 2 jobs...
[Tue Sep  2 15:21:19 2025]
localrule panacus:
    input: ./working/t_groups_paths2.yaml
    output: ./results/t_groups_paths2.html
    log: ./logs/panacus/t_groups_paths2.log
    jobid: 19
    reason: Missing output files: ./results/t_groups_paths2.html; Input files updated by another job: ./working/t_groups_paths2.yaml
    wildcards: sample=t_groups_paths2
    resources: tmpdir=/tmp

[Tue Sep  2 15:21:19 2025]
localrule 1:
    input: /home/heringer/Projects/simple_files/simple_graphs/t_reference.gfa
    output: ./working/t_reference.yaml
    jobid: 12
    reason: Missing output files: ./working/t_reference.yaml
    wildcards: sample=t_reference
    resources: tmpdir=/tmp

[Tue Sep  2 15:21:19 2025]
Finished jobid: 5 (Rule: panacus)
13 of 27 steps (48%) done
[Tue Sep  2 15:21:19 2025]
Finished jobid: 1 (Rule: panacus)
14 of 27 steps (52%) done
Select jobs to execute...
Execute 2 jobs...
[Tue Sep  2 15:21:20 2025]
localrule panacus:
    input: ./working/multiple_repeats.yaml
    output: ./results/multiple_repeats.html
    log: ./logs/panacus/multiple_repeats.log
    jobid: 21
    reason: Missing output files: ./results/multiple_repeats.html; Input files updated by another job: ./working/multiple_repeats.yaml
    wildcards: sample=multiple_repeats
    resources: tmpdir=/tmp

[Tue Sep  2 15:21:20 2025]
localrule 1:
    input: /home/heringer/Projects/simple_files/simple_graphs/small_polymorphism.gfa
    output: ./working/small_polymorphism.yaml
    jobid: 4
    reason: Missing output files: ./working/small_polymorphism.yaml
    wildcards: sample=small_polymorphism
    resources: tmpdir=/tmp

[Tue Sep  2 15:21:20 2025]
Finished jobid: 12 (Rule: 1)
15 of 27 steps (56%) done
[Tue Sep  2 15:21:20 2025]
Finished jobid: 19 (Rule: panacus)
16 of 27 steps (59%) done
Select jobs to execute...
Execute 2 jobs...
[Tue Sep  2 15:21:20 2025]
localrule panacus:
    input: ./working/t_reference.yaml
    output: ./results/t_reference.html
    log: ./logs/panacus/t_reference.log
    jobid: 11
    reason: Missing output files: ./results/t_reference.html; Input files updated by another job: ./working/t_reference.yaml
    wildcards: sample=t_reference
    resources: tmpdir=/tmp

[Tue Sep  2 15:21:20 2025]
localrule panacus:
    input: ./working/t_groups_paths.yaml
    output: ./results/t_groups_paths.html
    log: ./logs/panacus/t_groups_paths.log
    jobid: 15
    reason: Missing output files: ./results/t_groups_paths.html; Input files updated by another job: ./working/t_groups_paths.yaml
    wildcards: sample=t_groups_paths
    resources: tmpdir=/tmp

[Tue Sep  2 15:21:20 2025]
Finished jobid: 4 (Rule: 1)
17 of 27 steps (63%) done
[Tue Sep  2 15:21:20 2025]
Finished jobid: 21 (Rule: panacus)
18 of 27 steps (67%) done
Select jobs to execute...
Execute 2 jobs...
[Tue Sep  2 15:21:20 2025]
localrule panacus:
    input: ./working/t.yaml
    output: ./results/t.html
    log: ./logs/panacus/t.log
    jobid: 7
    reason: Missing output files: ./results/t.html; Input files updated by another job: ./working/t.yaml
    wildcards: sample=t
    resources: tmpdir=/tmp

[Tue Sep  2 15:21:20 2025]
localrule 1:
    input: /home/heringer/Projects/simple_files/simple_graphs/t_groups_walks.gfa
    output: ./working/t_groups_walks.yaml
    jobid: 18
    reason: Missing output files: ./working/t_groups_walks.yaml
    wildcards: sample=t_groups_walks
    resources: tmpdir=/tmp

[Tue Sep  2 15:21:20 2025]
Finished jobid: 11 (Rule: panacus)
19 of 27 steps (70%) done
[Tue Sep  2 15:21:20 2025]
Finished jobid: 15 (Rule: panacus)
20 of 27 steps (74%) done
Select jobs to execute...
Execute 2 jobs...
[Tue Sep  2 15:21:20 2025]
localrule panacus:
    input: ./working/small_polymorphism.yaml
    output: ./results/small_polymorphism.html
    log: ./logs/panacus/small_polymorphism.log
    jobid: 3
    reason: Missing output files: ./results/small_polymorphism.html; Input files updated by another job: ./working/small_polymorphism.yaml
    wildcards: sample=small_polymorphism
    resources: tmpdir=/tmp

[Tue Sep  2 15:21:20 2025]
localrule 1:
    input: /home/heringer/Projects/simple_files/simple_graphs/multiple_repeats.walks.gfa
    output: ./working/multiple_repeats.walks.yaml
    jobid: 24
    reason: Missing output files: ./working/multiple_repeats.walks.yaml
    wildcards: sample=multiple_repeats.walks
    resources: tmpdir=/tmp

[Tue Sep  2 15:21:20 2025]
Finished jobid: 18 (Rule: 1)
21 of 27 steps (78%) done
[Tue Sep  2 15:21:20 2025]
Finished jobid: 7 (Rule: panacus)
22 of 27 steps (81%) done
Select jobs to execute...
Execute 1 jobs...
[Tue Sep  2 15:21:20 2025]
localrule panacus:
    input: ./working/t_groups_walks.yaml
    output: ./results/t_groups_walks.html
    log: ./logs/panacus/t_groups_walks.log
    jobid: 17
    reason: Missing output files: ./results/t_groups_walks.html; Input files updated by another job: ./working/t_groups_walks.yaml
    wildcards: sample=t_groups_walks
    resources: tmpdir=/tmp

[Tue Sep  2 15:21:20 2025]
Finished jobid: 24 (Rule: 1)
23 of 27 steps (85%) done
Select jobs to execute...
Execute 1 jobs...
[Tue Sep  2 15:21:20 2025]
localrule panacus:
    input: ./working/multiple_repeats.walks.yaml
    output: ./results/multiple_repeats.walks.html
    log: ./logs/panacus/multiple_repeats.walks.log
    jobid: 23
    reason: Missing output files: ./results/multiple_repeats.walks.html; Input files updated by another job: ./working/multiple_repeats.walks.yaml
    wildcards: sample=multiple_repeats.walks
    resources: tmpdir=/tmp

[Tue Sep  2 15:21:20 2025]
Finished jobid: 3 (Rule: panacus)
24 of 27 steps (89%) done
[Tue Sep  2 15:21:20 2025]
Finished jobid: 17 (Rule: panacus)
25 of 27 steps (93%) done
[Tue Sep  2 15:21:20 2025]
Finished jobid: 23 (Rule: panacus)
26 of 27 steps (96%) done
Select jobs to execute...
Execute 1 jobs...
[Tue Sep  2 15:21:20 2025]
localrule all:
    input: ./results/indel.html, ./results/small_polymorphism.html, ./results/inversion.html, ./results/t.html, ./results/t_groups.html, ./results/t_reference.html, ./results/t_walks_gaps.html, ./results/t_groups_paths.html, ./results/t_groups_walks.html, ./results/t_groups_paths2.html, ./results/multiple_repeats.html, ./results/multiple_repeats.walks.html, ./results/repeat_once.html
    jobid: 0
    reason: Input files updated by another job: ./results/small_polymorphism.html, ./results/t_walks_gaps.html, ./results/repeat_once.html, ./results/multiple_repeats.walks.html, ./results/multiple_repeats.html, ./results/indel.html, ./results/t_groups_walks.html, ./results/t_groups.html, ./results/t_groups_paths.html, ./results/t_groups_paths2.html, ./results/inversion.html, ./results/t_reference.html, ./results/t.html
    resources: tmpdir=/tmp

[Tue Sep  2 15:21:20 2025]
Finished jobid: 0 (Rule: all)
27 of 27 steps (100%) done
Complete log(s): /home/heringer/Projects/hprc-qc/snakemake/pipelines/alignment_qc/.snakemake/log/2025-09-02T152119.763737.snakemake.log
