Assuming unrestricted shared filesystem usage.
None
host: codia001
Building DAG of jobs...
Using shell: /usr/bin/bash
Provided cores: 4
Rules claiming more threads will be scaled down.
Job stats:
job        count
-------  -------
1              1
all            1
panacus        2
total          4

Select jobs to execute...
Execute 2 jobs...
[Tue Sep  2 15:16:59 2025]
localrule panacus:
    input: ../working/t_reference.yaml
    output: ../results/t_reference.html
    log: ../logs/panacus/t_reference.log
    jobid: 11
    reason: Missing output files: ../results/t_reference.html
    wildcards: sample=t_reference
    resources: tmpdir=/tmp

[Tue Sep  2 15:16:59 2025]
localrule 1:
    input: /home/heringer/Projects/simple_files/simple_graphs/repeat_once.gfa
    output: ../working/repeat_once.yaml
    jobid: 26
    reason: Updated input files: /home/heringer/Projects/simple_files/simple_graphs/repeat_once.gfa
    wildcards: sample=repeat_once
    resources: tmpdir=/tmp

[Tue Sep  2 15:16:59 2025]
Finished jobid: 26 (Rule: 1)
1 of 4 steps (25%) done
Select jobs to execute...
Execute 1 jobs...
[Tue Sep  2 15:16:59 2025]
localrule panacus:
    input: ../working/repeat_once.yaml
    output: ../results/repeat_once.html
    log: ../logs/panacus/repeat_once.log
    jobid: 25
    reason: Missing output files: ../results/repeat_once.html; Input files updated by another job: ../working/repeat_once.yaml
    wildcards: sample=repeat_once
    resources: tmpdir=/tmp

[Tue Sep  2 15:16:59 2025]
Finished jobid: 11 (Rule: panacus)
2 of 4 steps (50%) done
[Tue Sep  2 15:16:59 2025]
Finished jobid: 25 (Rule: panacus)
3 of 4 steps (75%) done
Select jobs to execute...
Execute 1 jobs...
[Tue Sep  2 15:16:59 2025]
localrule all:
    input: ../results/indel.html, ../results/small_polymorphism.html, ../results/inversion.html, ../results/t.html, ../results/t_groups.html, ../results/t_reference.html, ../results/t_walks_gaps.html, ../results/t_groups_paths.html, ../results/t_groups_walks.html, ../results/t_groups_paths2.html, ../results/multiple_repeats.html, ../results/multiple_repeats.walks.html, ../results/repeat_once.html
    jobid: 0
    reason: Input files updated by another job: ../results/repeat_once.html, ../results/t_reference.html
    resources: tmpdir=/tmp

[Tue Sep  2 15:16:59 2025]
Finished jobid: 0 (Rule: all)
4 of 4 steps (100%) done
Complete log(s): /home/heringer/Projects/hprc-qc/snakemake/pipelines/alignment_qc/.snakemake/log/2025-09-02T151659.390687.snakemake.log
