Assuming unrestricted shared filesystem usage.
None
host: codia001
Building DAG of jobs...
Using shell: /usr/bin/bash
Provided cores: 4
Rules claiming more threads will be scaled down.
Job stats:
job        count
-------  -------
1              3
all            1
panacus        7
total         11

Select jobs to execute...
Execute 4 jobs...
[Tue Sep  2 15:15:54 2025]
localrule 1:
    input: /home/heringer/Projects/simple_files/simple_graphs/multiple_repeats.gfa
    output: ../working/multiple_repeats.yaml
    jobid: 26
    reason: Updated input files: /home/heringer/Projects/simple_files/simple_graphs/multiple_repeats.gfa
    wildcards: sample=multiple_repeats
    resources: tmpdir=/tmp

[Tue Sep  2 15:15:54 2025]
localrule panacus:
    input: ../working/t_groups_walks.yaml
    output: ../results/t_groups_walks.html
    log: ../logs/panacus/t_groups_walks.log
    jobid: 21
    reason: Missing output files: ../results/t_groups_walks.html
    wildcards: sample=t_groups_walks
    resources: tmpdir=/tmp

[Tue Sep  2 15:15:54 2025]
localrule 1:
    input: /home/heringer/Projects/simple_files/simple_graphs/new_nodes.gfa
    output: ../working/new_nodes.yaml
    jobid: 12
    reason: Missing output files: ../working/new_nodes.yaml
    wildcards: sample=new_nodes
    resources: tmpdir=/tmp

[Tue Sep  2 15:15:54 2025]
localrule panacus:
    input: ../working/t_groups_paths2.yaml
    output: ../results/t_groups_paths2.html
    log: ../logs/panacus/t_groups_paths2.log
    jobid: 23
    reason: Missing output files: ../results/t_groups_paths2.html
    wildcards: sample=t_groups_paths2
    resources: tmpdir=/tmp

[Tue Sep  2 15:15:54 2025]
Finished jobid: 26 (Rule: 1)
1 of 11 steps (9%) done
Select jobs to execute...
Execute 1 jobs...
[Tue Sep  2 15:15:54 2025]
localrule panacus:
    input: ../working/small_polymorphism.yaml
    output: ../results/small_polymorphism.html
    log: ../logs/panacus/small_polymorphism.log
    jobid: 5
    reason: Missing output files: ../results/small_polymorphism.html
    wildcards: sample=small_polymorphism
    resources: tmpdir=/tmp

[Tue Sep  2 15:15:54 2025]
Finished jobid: 12 (Rule: 1)
2 of 11 steps (18%) done
[Tue Sep  2 15:15:54 2025]
Finished jobid: 21 (Rule: panacus)
3 of 11 steps (27%) done
Select jobs to execute...
Execute 2 jobs...
[Tue Sep  2 15:15:54 2025]
localrule panacus:
    input: ../working/new_nodes.yaml
    output: ../results/new_nodes.html
    log: ../logs/panacus/new_nodes.log
    jobid: 11
    reason: Missing output files: ../results/new_nodes.html; Input files updated by another job: ../working/new_nodes.yaml
    wildcards: sample=new_nodes
    resources: tmpdir=/tmp

[Tue Sep  2 15:15:54 2025]
localrule panacus:
    input: ../working/multiple_repeats.yaml
    output: ../results/multiple_repeats.html
    log: ../logs/panacus/multiple_repeats.log
    jobid: 25
    reason: Missing output files: ../results/multiple_repeats.html; Input files updated by another job: ../working/multiple_repeats.yaml
    wildcards: sample=multiple_repeats
    resources: tmpdir=/tmp

[Tue Sep  2 15:15:54 2025]
Finished jobid: 23 (Rule: panacus)
4 of 11 steps (36%) done
[Tue Sep  2 15:15:54 2025]
Finished jobid: 5 (Rule: panacus)
5 of 11 steps (45%) done
Select jobs to execute...
RuleException:
CalledProcessError in file "/home/heringer/Projects/hprc-qc/snakemake/pipelines/alignment_qc/../../rules/panacus.smk", line 9:
Command 'set -euo pipefail;  RUST_LOG=info panacus report ../working/new_nodes.yaml > ../results/new_nodes.html 2> ../logs/panacus/new_nodes.log' returned non-zero exit status 101.
[Tue Sep  2 15:15:54 2025]
Error in rule panacus:
    message: None
    jobid: 11
    input: ../working/new_nodes.yaml
    output: ../results/new_nodes.html
    log: ../logs/panacus/new_nodes.log (check log file(s) for error details)
    shell:
        RUST_LOG=info panacus report ../working/new_nodes.yaml > ../results/new_nodes.html 2> ../logs/panacus/new_nodes.log
        (command exited with non-zero exit code)
Execute 2 jobs...
[Tue Sep  2 15:15:54 2025]
localrule 1:
    input: /home/heringer/Projects/simple_files/simple_graphs/t_reference.gfa
    output: ../working/t_reference.yaml
    jobid: 16
    reason: Missing output files: ../working/t_reference.yaml
    wildcards: sample=t_reference
    resources: tmpdir=/tmp

[Tue Sep  2 15:15:54 2025]
localrule panacus:
    input: ../working/repeat_once.yaml
    output: ../results/repeat_once.html
    log: ../logs/panacus/repeat_once.log
    jobid: 3
    reason: Missing output files: ../results/repeat_once.html
    wildcards: sample=repeat_once
    resources: tmpdir=/tmp

[Tue Sep  2 15:15:54 2025]
Finished jobid: 25 (Rule: panacus)
6 of 11 steps (55%) done
Removing output files of failed job panacus since they might be corrupted:
../results/new_nodes.html
[Tue Sep  2 15:15:54 2025]
Finished jobid: 16 (Rule: 1)
7 of 11 steps (64%) done
RuleException:
CalledProcessError in file "/home/heringer/Projects/hprc-qc/snakemake/pipelines/alignment_qc/../../rules/panacus.smk", line 9:
Command 'set -euo pipefail;  RUST_LOG=info panacus report ../working/repeat_once.yaml > ../results/repeat_once.html 2> ../logs/panacus/repeat_once.log' returned non-zero exit status 101.
[Tue Sep  2 15:15:54 2025]
Error in rule panacus:
    message: None
    jobid: 3
    input: ../working/repeat_once.yaml
    output: ../results/repeat_once.html
    log: ../logs/panacus/repeat_once.log (check log file(s) for error details)
    shell:
        RUST_LOG=info panacus report ../working/repeat_once.yaml > ../results/repeat_once.html 2> ../logs/panacus/repeat_once.log
        (command exited with non-zero exit code)
Removing output files of failed job panacus since they might be corrupted:
../results/repeat_once.html
Shutting down, this might take some time.
Exiting because a job execution failed. Look below for error messages
[Tue Sep  2 15:15:54 2025]
Error in rule panacus:
    message: None
    jobid: 11
    input: ../working/new_nodes.yaml
    output: ../results/new_nodes.html
    log: ../logs/panacus/new_nodes.log (check log file(s) for error details)
    shell:
        RUST_LOG=info panacus report ../working/new_nodes.yaml > ../results/new_nodes.html 2> ../logs/panacus/new_nodes.log
        (command exited with non-zero exit code)
[Tue Sep  2 15:15:54 2025]
Error in rule panacus:
    message: None
    jobid: 3
    input: ../working/repeat_once.yaml
    output: ../results/repeat_once.html
    log: ../logs/panacus/repeat_once.log (check log file(s) for error details)
    shell:
        RUST_LOG=info panacus report ../working/repeat_once.yaml > ../results/repeat_once.html 2> ../logs/panacus/repeat_once.log
        (command exited with non-zero exit code)
Complete log(s): /home/heringer/Projects/hprc-qc/snakemake/pipelines/alignment_qc/.snakemake/log/2025-09-02T151554.034358.snakemake.log
WorkflowError:
At least one job did not complete successfully.
